<?xml version="1.0" encoding="UTF-8"?>
<testng-results total="1" passed="1" failed="0" skipped="0">
  <reporter-output>
  </reporter-output>
  <suite started-at="2024-08-24T17:07:45Z" name="Surefire suite" finished-at="2024-08-24T17:07:45Z" duration-ms="14">
    <groups>
    </groups>
    <test started-at="2024-08-24T17:07:45Z" name="Surefire test" finished-at="2024-08-24T17:07:45Z" duration-ms="14">
      <class name="com.abc.weeklysalary.CalculatorTest">
        <test-method is-config="true" signature="setUpClass()[pri:0, instance:com.abc.weeklysalary.CalculatorTest@57f23557]" started-at="2024-08-24T12:07:45Z" name="setUpClass" finished-at="2024-08-24T12:07:45Z" duration-ms="5" status="PASS">
          <reporter-output>
          </reporter-output>
        </test-method> <!-- setUpClass -->
        <test-method is-config="true" signature="setUpMethod()[pri:0, instance:com.abc.weeklysalary.CalculatorTest@57f23557]" started-at="2024-08-24T12:07:45Z" name="setUpMethod" finished-at="2024-08-24T12:07:45Z" duration-ms="2" status="PASS">
          <reporter-output>
          </reporter-output>
        </test-method> <!-- setUpMethod -->
        <test-method signature="testAdd()[pri:0, instance:com.abc.weeklysalary.CalculatorTest@57f23557]" started-at="2024-08-24T12:07:45Z" name="testAdd" finished-at="2024-08-24T12:07:45Z" duration-ms="2" status="PASS">
          <reporter-output>
          </reporter-output>
        </test-method> <!-- testAdd -->
        <test-method is-config="true" signature="tearDownMethod()[pri:0, instance:com.abc.weeklysalary.CalculatorTest@57f23557]" started-at="2024-08-24T12:07:45Z" name="tearDownMethod" finished-at="2024-08-24T12:07:45Z" duration-ms="1" status="PASS">
          <reporter-output>
          </reporter-output>
        </test-method> <!-- tearDownMethod -->
        <test-method is-config="true" signature="tearDownClass()[pri:0, instance:com.abc.weeklysalary.CalculatorTest@57f23557]" started-at="2024-08-24T12:07:45Z" name="tearDownClass" finished-at="2024-08-24T12:07:45Z" duration-ms="0" status="PASS">
          <reporter-output>
          </reporter-output>
        </test-method> <!-- tearDownClass -->
      </class> <!-- com.abc.weeklysalary.CalculatorTest -->
    </test> <!-- Surefire test -->
  </suite> <!-- Surefire suite -->
</testng-results>
